[debug] [2021-04-30T09:00:22.237Z] ----------------------------------------------------------------------
[debug] [2021-04-30T09:00:22.238Z] Command:       /usr/local/bin/node /usr/local/bin/firebase init hosting:github
[debug] [2021-04-30T09:00:22.239Z] CLI Version:   9.10.0
[debug] [2021-04-30T09:00:22.239Z] Platform:      darwin
[debug] [2021-04-30T09:00:22.239Z] Node Version:  v14.15.4
[debug] [2021-04-30T09:00:22.239Z] Time:          Fri Apr 30 2021 16:00:22 GMT+0700 (Indochina Time)
[debug] [2021-04-30T09:00:22.240Z] ----------------------------------------------------------------------
[debug] 
[debug] [2021-04-30T09:00:22.244Z] > command requires scopes: ["email","openid","https://www.googleapis.com/auth/cloudplatformprojects.readonly","https://www.googleapis.com/auth/firebase","https://www.googleapis.com/auth/cloud-platform"]
[debug] [2021-04-30T09:00:22.245Z] > authorizing via signed-in user (kampee.expertly01@gmail.com)
[info] 
     ######## #### ########  ######## ########     ###     ######  ########
     ##        ##  ##     ## ##       ##     ##  ##   ##  ##       ##
     ######    ##  ########  ######   ########  #########  ######  ######
     ##        ##  ##    ##  ##       ##     ## ##     ##       ## ##
     ##       #### ##     ## ######## ########  ##     ##  ######  ########

You're about to initialize a Firebase project in this directory:

  /Users/aecuto/Documents/resume

Before we get started, keep in mind:

  * You are initializing in an existing Firebase project directory

[info] 
=== Project Setup
[info] 
[info] First, let's associate this project directory with a Firebase project.
[info] You can create multiple project aliases by running firebase use --add, 
[info] but for now we'll just set up a default project.
[info] 
[info] i  .firebaserc already has a default project, using kampee-t-resume. 
[debug] [2021-04-30T09:00:22.252Z] > refreshing access token with scopes: []
[debug] [2021-04-30T09:00:22.253Z] >>> HTTP REQUEST POST https://www.googleapis.com/oauth2/v3/token  
 <request body omitted>
[debug] [2021-04-30T09:00:22.555Z] <<< HTTP RESPONSE 200 {"pragma":"no-cache","date":"Fri, 30 Apr 2021 09:00:22 GMT","expires":"Mon, 01 Jan 1990 00:00:00 GMT","cache-control":"no-cache, no-store, max-age=0, must-revalidate","content-type":"application/json; charset=utf-8","vary":"X-Origin, Referer, Origin,Accept-Encoding","server":"scaffolding on HTTPServer2","x-xss-protection":"0","x-frame-options":"SAMEORIGIN","x-content-type-options":"nosniff","alt-svc":"h3-29=\":443\"; ma=2592000,h3-T051=\":443\"; ma=2592000,h3-Q050=\":443\"; ma=2592000,h3-Q046=\":443\"; ma=2592000,h3-Q043=\":443\"; ma=2592000,quic=\":443\"; ma=2592000; v=\"46,43\"","accept-ranges":"none","transfer-encoding":"chunked"}
[debug] [2021-04-30T09:00:22.593Z] >>> [apiv2][query] GET https://firebase.googleapis.com/v1beta1/projects/kampee-t-resume [none]
[debug] [2021-04-30T09:00:23.128Z] <<< [apiv2][status] GET https://firebase.googleapis.com/v1beta1/projects/kampee-t-resume 200
[debug] [2021-04-30T09:00:23.129Z] <<< [apiv2][body] GET https://firebase.googleapis.com/v1beta1/projects/kampee-t-resume {"projectId":"kampee-t-resume","projectNumber":"45326156018","displayName":"kampee-t-resume","name":"projects/kampee-t-resume","resources":{"hostingSite":"kampee-t-resume"},"state":"ACTIVE"}
[info] 
=== Hosting:github Setup
[info] 
[info] i  Detected a .git folder at /Users/aecuto/Documents/resume 
[info] i  Authorizing with GitHub to upload your service account to a GitHub repository's secrets store. 
[info] 
[info] Visit this URL on this device to log in:
[info] https://github.com/login/oauth/authorize?client_id=89cf50f02ac6aaed3484&state=941488874&redirect_uri=http%3A%2F%2Flocalhost%3A9005&scope=read%3Auser%20repo%20public_repo
[info] 
[info] Waiting for authentication...
[debug] [2021-04-30T09:00:23.957Z] >>> HTTP REQUEST POST https://github.com/login/oauth/access_token  
 {"client_id":"89cf50f02ac6aaed3484","client_secret":"3330d14abc895d9a74d5f17cd7a00711fa2c5bf0","code":"64eeec39252e96f193d1","redirect_uri":"http://localhost:9005","state":"941488874"}
[debug] [2021-04-30T09:00:24.557Z] <<< HTTP RESPONSE 200 {"server":"GitHub.com","date":"Fri, 30 Apr 2021 09:00:24 GMT","content-type":"application/json; charset=utf-8","transfer-encoding":"chunked","vary":"X-PJAX, Accept-Encoding, Accept, X-Requested-With","permissions-policy":"interest-cohort=()","etag":"W/\"b9b9d25d29a21f1517b708a9287dfb46\"","cache-control":"max-age=0, private, must-revalidate","strict-transport-security":"max-age=31536000; includeSubdomains; preload","x-frame-options":"deny","x-content-type-options":"nosniff","x-xss-protection":"0","referrer-policy":"origin-when-cross-origin, strict-origin-when-cross-origin","expect-ct":"max-age=2592000, report-uri=\"https://api.github.com/_private/browser/errors\"","content-security-policy":"default-src 'none'; base-uri 'self'; block-all-mixed-content; connect-src 'self' uploads.github.com www.githubstatus.com collector.githubapp.com api.github.com github-cloud.s3.amazonaws.com github-production-repository-file-5c1aeb.s3.amazonaws.com github-production-upload-manifest-file-7fdce7.s3.amazonaws.com github-production-user-asset-6210df.s3.amazonaws.com cdn.optimizely.com logx.optimizely.com/v1/events wss://alive.github.com; font-src github.githubassets.com; form-action 'self' github.com gist.github.com; frame-ancestors 'none'; frame-src render.githubusercontent.com; img-src 'self' data: github.githubassets.com identicons.github.com collector.githubapp.com github-cloud.s3.amazonaws.com secured-user-images.githubusercontent.com/ *.githubusercontent.com; manifest-src 'self'; media-src 'none'; script-src github.githubassets.com; style-src 'unsafe-inline' github.githubassets.com; worker-src github.com/socket-worker-3f088aa2.js gist.github.com/socket-worker-3f088aa2.js","x-github-request-id":"E146:597D:2BFAE7:44C1F7:608BC728"}
[debug] [2021-04-30T09:00:24.565Z] >>> [apiv2][query] GET https://api.github.com/user [none]
[debug] [2021-04-30T09:00:25.275Z] <<< [apiv2][status] GET https://api.github.com/user 200
[debug] [2021-04-30T09:00:25.275Z] <<< [apiv2][body] GET https://api.github.com/user {"login":"aecuto","id":16747081,"node_id":"MDQ6VXNlcjE2NzQ3MDgx","avatar_url":"https://avatars.githubusercontent.com/u/16747081?v=4","gravatar_id":"","url":"https://api.github.com/users/aecuto","html_url":"https://github.com/aecuto","followers_url":"https://api.github.com/users/aecuto/followers","following_url":"https://api.github.com/users/aecuto/following{/other_user}","gists_url":"https://api.github.com/users/aecuto/gists{/gist_id}","starred_url":"https://api.github.com/users/aecuto/starred{/owner}{/repo}","subscriptions_url":"https://api.github.com/users/aecuto/subscriptions","organizations_url":"https://api.github.com/users/aecuto/orgs","repos_url":"https://api.github.com/users/aecuto/repos","events_url":"https://api.github.com/users/aecuto/events{/privacy}","received_events_url":"https://api.github.com/users/aecuto/received_events","type":"User","site_admin":false,"name":"Kampee TonOi","company":null,"blog":"www.linkedin.com/in/kampee-tonoi","location":"Chiang Mai","email":"kampee.expertly01@gmail.com","hireable":null,"bio":"Hello World!","twitter_username":null,"public_repos":23,"public_gists":0,"followers":22,"following":1,"created_at":"2016-01-17T18:44:27Z","updated_at":"2021-04-30T08:52:04Z","private_gists":1,"total_private_repos":0,"owned_private_repos":0,"disk_usage":48234,"collaborators":0,"two_factor_authentication":true,"plan":{"name":"pro","space":976562499,"collaborators":0,"private_repos":9999}}
[info] 
[info] ✔  Success! Logged into GitHub as aecuto 
[info] 
